#Coor		Free	+/-		Prob		+/-
1.756250	0.867207	nan	0.027378	nan
1.768750	0.598644	nan	0.042958	nan
1.781250	0.343159	nan	0.065942	nan
1.793750	0.190731	nan	0.085153	nan
1.806250	0.060876	nan	0.105876	nan
1.818750	0.000000	nan	0.117259	nan
1.831250	0.011634	nan	0.114993	nan
1.843750	0.070409	nan	0.104197	nan
1.856250	0.163691	nan	0.089105	nan
1.868750	0.262667	nan	0.075474	nan
1.881250	0.401572	nan	0.059787	nan
1.893750	0.627248	nan	0.040945	nan
1.906250	0.876378	nan	0.026960	nan
1.918750	1.132392	nan	0.017548	nan
1.931250	1.398963	nan	0.011221	nan
1.943750	1.714197	nan	0.006613	nan
1.956250	2.022275	nan	0.003944	nan
1.968750	2.390416	nan	0.002127	nan
1.981250	2.723132	nan	0.001217	nan
1.993750	3.150493	nan	0.000594	nan
2.006250	3.492044	nan	0.000335	nan
2.018750	3.828562	nan	0.000191	nan
2.031250	4.274643	nan	0.000090	nan
2.043750	4.666126	nan	0.000047	nan
2.056250	5.048958	nan	0.000025	nan
2.068750	5.491693	nan	0.000012	nan
2.081250	5.935207	nan	0.000006	nan
2.093750	6.373534	nan	0.000003	nan
2.106250	6.764597	nan	0.000001	nan
2.118750	7.235774	nan	0.000001	nan
2.131250	7.701202	nan	0.000000	nan
2.143750	8.247613	nan	0.000000	nan
2.156250	8.707070	nan	0.000000	nan
2.168750	9.234370	nan	0.000000	nan
2.181250	9.735955	nan	0.000000	nan
2.193750	10.265134	nan	0.000000	nan
2.206250	10.795169	nan	0.000000	nan
2.218750	11.332022	nan	0.000000	nan
2.231250	11.856252	nan	0.000000	nan
2.243750	12.425005	nan	0.000000	nan
2.256250	12.903208	nan	0.000000	nan
2.268750	13.420973	nan	0.000000	nan
2.281250	13.983180	nan	0.000000	nan
2.293750	14.512752	nan	0.000000	nan
2.306250	15.081570	nan	0.000000	nan
2.318750	15.595166	nan	0.000000	nan
2.331250	16.116368	nan	0.000000	nan
2.343750	16.659641	nan	0.000000	nan
2.356250	17.225589	nan	0.000000	nan
2.368750	17.817809	nan	0.000000	nan
2.381250	18.362191	nan	0.000000	nan
2.393750	18.938443	nan	0.000000	nan
2.406250	19.495398	nan	0.000000	nan
2.418750	20.035033	nan	0.000000	nan
2.431250	20.597255	nan	0.000000	nan
2.443750	21.146052	nan	0.000000	nan
2.456250	21.717601	nan	0.000000	nan
2.468750	22.274804	nan	0.000000	nan
2.481250	22.824553	nan	0.000000	nan
2.493750	23.385705	nan	0.000000	nan
2.506250	23.925918	nan	0.000000	nan
2.518750	24.414105	nan	0.000000	nan
2.531250	25.035338	nan	0.000000	nan
2.543750	25.552498	nan	0.000000	nan
2.556250	26.112159	nan	0.000000	nan
2.568750	26.696020	nan	0.000000	nan
2.581250	27.252983	nan	0.000000	nan
2.593750	27.804594	nan	0.000000	nan
2.606250	28.346396	nan	0.000000	nan
2.618750	28.842229	nan	0.000000	nan
2.631250	29.392772	nan	0.000000	nan
2.643750	29.972456	nan	0.000000	nan
2.656250	30.481485	nan	0.000000	nan
2.668750	31.003445	nan	0.000000	nan
2.681250	31.551749	nan	0.000000	nan
2.693750	32.049365	nan	0.000000	nan
2.706250	32.544864	nan	0.000000	nan
2.718750	33.166361	nan	0.000000	nan
2.731250	33.621590	nan	0.000000	nan
2.743750	34.095242	nan	0.000000	nan
2.756250	34.606919	nan	0.000000	nan
2.768750	35.037783	nan	0.000000	nan
2.781250	35.552585	nan	0.000000	nan
2.793750	36.047055	nan	0.000000	nan
2.806250	36.514782	nan	0.000000	nan
2.818750	37.030189	nan	0.000000	nan
2.831250	37.533745	nan	0.000000	nan
2.843750	38.005826	nan	0.000000	nan
2.856250	38.458488	nan	0.000000	nan
2.868750	38.886919	nan	0.000000	nan
2.881250	39.344047	nan	0.000000	nan
2.893750	39.758682	nan	0.000000	nan
2.906250	40.188209	nan	0.000000	nan
2.918750	40.587776	nan	0.000000	nan
2.931250	40.962963	nan	0.000000	nan
2.943750	41.416666	nan	0.000000	nan
2.956250	41.862480	nan	0.000000	nan
2.968750	42.298083	nan	0.000000	nan
2.981250	42.683541	nan	0.000000	nan
2.993750	42.965032	nan	0.000000	nan
3.006250	43.046695	nan	0.000000	nan
3.018750	42.989399	nan	0.000000	nan
3.031250	43.054569	nan	0.000000	nan
3.043750	43.069856	nan	0.000000	nan
3.056250	43.136282	nan	0.000000	nan
3.068750	43.203094	nan	0.000000	nan
3.081250	43.215006	nan	0.000000	nan
3.093750	43.191508	nan	0.000000	nan
3.106250	43.128179	nan	0.000000	nan
3.118750	43.066057	nan	0.000000	nan
3.131250	43.110426	nan	0.000000	nan
3.143750	43.107743	nan	0.000000	nan
3.156250	43.165746	nan	0.000000	nan
3.168750	43.232957	nan	0.000000	nan
3.181250	43.267124	nan	0.000000	nan
3.193750	43.205671	nan	0.000000	nan
3.206250	43.075880	nan	0.000000	nan
3.218750	42.991102	nan	0.000000	nan
3.231250	42.876187	nan	0.000000	nan
3.243750	42.815122	nan	0.000000	nan
3.256250	42.765717	nan	0.000000	nan
3.268750	42.739703	nan	0.000000	nan
3.281250	42.696731	nan	0.000000	nan
3.293750	42.609920	nan	0.000000	nan
3.306250	42.608054	nan	0.000000	nan
3.318750	42.631326	nan	0.000000	nan
3.331250	42.585204	nan	0.000000	nan
3.343750	42.517548	nan	0.000000	nan
3.356250	42.473576	nan	0.000000	nan
3.368750	42.436227	nan	0.000000	nan
3.381250	42.369903	nan	0.000000	nan
3.393750	42.362171	nan	0.000000	nan
3.406250	42.281176	nan	0.000000	nan
3.418750	42.229191	nan	0.000000	nan
3.431250	42.229833	nan	0.000000	nan
3.443750	42.111963	nan	0.000000	nan
3.456250	42.140288	nan	0.000000	nan
3.468750	42.088055	nan	0.000000	nan
3.481250	42.147414	nan	0.000000	nan
3.493750	42.181028	nan	0.000000	nan
3.506250	42.223061	nan	0.000000	nan
3.518750	42.253908	nan	0.000000	nan
3.531250	42.278703	nan	0.000000	nan
3.543750	42.254950	nan	0.000000	nan
3.556250	42.247357	nan	0.000000	nan
3.568750	42.282932	nan	0.000000	nan
3.581250	42.265505	nan	0.000000	nan
3.593750	42.345211	nan	0.000000	nan
3.606250	42.420211	nan	0.000000	nan
3.618750	42.424842	nan	0.000000	nan
3.631250	42.518262	nan	0.000000	nan
3.643750	42.477838	nan	0.000000	nan
3.656250	42.482373	nan	0.000000	nan
3.668750	42.507030	nan	0.000000	nan
3.681250	42.558147	nan	0.000000	nan
3.693750	42.492358	nan	0.000000	nan
3.706250	42.575900	nan	0.000000	nan
3.718750	42.656785	nan	0.000000	nan
3.731250	42.676782	nan	0.000000	nan
3.743750	42.737112	nan	0.000000	nan
3.756250	42.795736	nan	0.000000	nan
3.768750	42.846911	nan	0.000000	nan
3.781250	42.804912	nan	0.000000	nan
3.793750	42.852879	nan	0.000000	nan
3.806250	42.970855	nan	0.000000	nan
3.818750	43.023871	nan	0.000000	nan
3.831250	43.073802	nan	0.000000	nan
3.843750	43.136140	nan	0.000000	nan
3.856250	43.234832	nan	0.000000	nan
3.868750	43.245473	nan	0.000000	nan
3.881250	43.271843	nan	0.000000	nan
3.893750	43.316840	nan	0.000000	nan
3.906250	43.329015	nan	0.000000	nan
3.918750	43.392044	nan	0.000000	nan
3.931250	43.428924	nan	0.000000	nan
3.943750	43.451430	nan	0.000000	nan
3.956250	43.373279	nan	0.000000	nan
3.968750	43.340876	nan	0.000000	nan
3.981250	43.304827	nan	0.000000	nan
3.993750	43.282629	nan	0.000000	nan
4.006250	43.172592	nan	0.000000	nan
4.018750	43.103124	nan	0.000000	nan
4.031250	43.096282	nan	0.000000	nan
4.043750	43.131905	nan	0.000000	nan
4.056250	43.109792	nan	0.000000	nan
4.068750	43.184376	nan	0.000000	nan
4.081250	43.286150	nan	0.000000	nan
4.093750	43.349812	nan	0.000000	nan
4.106250	43.471853	nan	0.000000	nan
4.118750	43.533080	nan	0.000000	nan
4.131250	43.549998	nan	0.000000	nan
4.143750	43.607326	nan	0.000000	nan
4.156250	43.679248	nan	0.000000	nan
4.168750	43.680875	nan	0.000000	nan
4.181250	43.756843	nan	0.000000	nan
4.193750	43.691940	nan	0.000000	nan
4.206250	43.720362	nan	0.000000	nan
4.218750	43.701697	nan	0.000000	nan
4.231250	43.690780	nan	0.000000	nan
4.243750	43.757060	nan	0.000000	nan
4.256250	43.742229	nan	0.000000	nan
4.268750	43.725891	nan	0.000000	nan
4.281250	43.730752	nan	0.000000	nan
4.293750	43.779839	nan	0.000000	nan
4.306250	43.734409	nan	0.000000	nan
4.318750	43.803779	nan	0.000000	nan
4.331250	43.829554	nan	0.000000	nan
4.343750	43.832688	nan	0.000000	nan
4.356250	43.906549	nan	0.000000	nan
4.368750	43.940778	nan	0.000000	nan
4.381250	44.041386	nan	0.000000	nan
4.393750	44.136813	nan	0.000000	nan
4.406250	44.178443	nan	0.000000	nan
4.418750	44.195926	nan	0.000000	nan
4.431250	44.329215	nan	0.000000	nan
4.443750	44.309252	nan	0.000000	nan
4.456250	44.341519	nan	0.000000	nan
4.468750	44.270695	nan	0.000000	nan
4.481250	44.290960	nan	0.000000	nan
4.493750	44.380546	nan	0.000000	nan
4.506250	44.419045	nan	0.000000	nan
4.518750	44.473579	nan	0.000000	nan
4.531250	44.448318	nan	0.000000	nan
4.543750	44.490231	nan	0.000000	nan
4.556250	44.566679	nan	0.000000	nan
4.568750	44.465625	nan	0.000000	nan
4.581250	44.460028	nan	0.000000	nan
4.593750	44.462983	nan	0.000000	nan
4.606250	44.446536	nan	0.000000	nan
4.618750	44.504523	nan	0.000000	nan
4.631250	44.487239	nan	0.000000	nan
4.643750	44.536117	nan	0.000000	nan
4.656250	44.462638	nan	0.000000	nan
4.668750	44.551879	nan	0.000000	nan
4.681250	44.616585	nan	0.000000	nan
4.693750	44.582519	nan	0.000000	nan
4.706250	44.656016	nan	0.000000	nan
4.718750	44.683359	nan	0.000000	nan
4.731250	44.748887	nan	0.000000	nan
4.743750	44.782759	nan	0.000000	nan
4.756250	44.828907	nan	0.000000	nan
4.768750	44.856789	nan	0.000000	nan
4.781250	44.957034	nan	0.000000	nan
4.793750	44.976220	nan	0.000000	nan
4.806250	45.079519	nan	0.000000	nan
4.818750	45.248670	nan	0.000000	nan
4.831250	45.306511	nan	0.000000	nan
4.843750	45.421527	nan	0.000000	nan
4.856250	45.630248	nan	0.000000	nan
4.868750	45.711170	nan	0.000000	nan
4.881250	45.939305	nan	0.000000	nan
4.893750	46.162423	nan	0.000000	nan
4.906250	46.288331	nan	0.000000	nan
4.918750	46.351698	nan	0.000000	nan
4.931250	46.543192	nan	0.000000	nan
4.943750	46.712817	nan	0.000000	nan
4.956250	46.916073	nan	0.000000	nan
4.968750	47.100221	nan	0.000000	nan
4.981250	47.332057	nan	0.000000	nan
4.993750	47.537293	nan	0.000000	nan
5.006250	47.704253	nan	0.000000	nan
5.018750	47.957085	nan	0.000000	nan
5.031250	48.156260	nan	0.000000	nan
5.043750	48.355669	nan	0.000000	nan
5.056250	48.574793	nan	0.000000	nan
5.068750	48.919597	nan	0.000000	nan
5.081250	49.145219	nan	0.000000	nan
5.093750	49.327448	nan	0.000000	nan
5.106250	49.577605	nan	0.000000	nan
5.118750	49.915073	nan	0.000000	nan
5.131250	50.213566	nan	0.000000	nan
5.143750	50.481202	nan	0.000000	nan
5.156250	50.750428	nan	0.000000	nan
5.168750	51.120255	nan	0.000000	nan
5.181250	51.337591	nan	0.000000	nan
5.193750	51.499431	nan	0.000000	nan
5.206250	51.482486	nan	0.000000	nan
5.218750	51.588504	nan	0.000000	nan
5.231250	51.625550	nan	0.000000	nan
5.243750	51.651089	nan	0.000000	nan
5.256250	51.738643	nan	0.000000	nan
5.268750	51.727522	nan	0.000000	nan
5.281250	51.808585	nan	0.000000	nan
5.293750	51.960094	nan	0.000000	nan
5.306250	51.979697	nan	0.000000	nan
5.318750	52.130952	nan	0.000000	nan
5.331250	52.233011	nan	0.000000	nan
5.343750	52.430484	nan	0.000000	nan
5.356250	52.551647	nan	0.000000	nan
5.368750	52.693675	nan	0.000000	nan
5.381250	52.906422	nan	0.000000	nan
5.393750	53.222505	nan	0.000000	nan
5.406250	53.340530	nan	0.000000	nan
5.418750	53.442110	nan	0.000000	nan
5.431250	53.764245	nan	0.000000	nan
5.443750	53.948018	nan	0.000000	nan
5.456250	54.200978	nan	0.000000	nan
5.468750	54.347640	nan	0.000000	nan
5.481250	54.483677	nan	0.000000	nan
5.493750	54.669759	nan	0.000000	nan
#Window		Free	+/-	
#0	0.000000	nan
#1	2.554681	nan
#2	2.664052	nan
#3	1.824769	nan
#4	2.000777	nan
#5	1.900079	nan
#6	2.583105	nan
#7	2.154219	nan
#8	1.700927	nan
#9	-39.314704	nan
#10	1.716422	nan
#11	-40.095151	nan
#12	-40.123659	nan
#13	-39.618267	nan
#14	-38.661036	nan
#15	-37.382964	nan
#16	-35.903203	nan
#17	-34.283026	nan
#18	-32.530818	nan
#19	-30.589154	nan
#20	-28.515979	nan
#21	-26.399386	nan
#22	-24.258746	nan
#23	-22.074846	nan
#24	-19.832340	nan
#25	-17.605924	nan
#26	-16.581165	nan
#27	-14.375772	nan
#28	-12.166208	nan
#29	-9.975607	nan
#30	-7.834929	nan
#31	-5.754596	nan
#32	-3.766992	nan
#33	-1.829181	nan
#34	1.648928	nan
#35	2.660338	nan
#36	2.565289	nan
#37	2.327096	nan
#38	1.678380	nan
#39	2.225010	nan
#40	2.553479	nan
#41	2.677247	nan
#42	2.992582	nan
#43	3.102926	nan
#44	3.394800	nan
#45	3.687359	nan
#46	3.735823	nan
#47	3.891007	nan
#48	4.289525	nan
#49	5.100890	nan
#50	6.335106	nan
#51	7.894094	nan
#52	9.764282	nan
#53	11.140846	nan
#54	12.067464	nan
#55	13.498988	nan
