#Coor		Free	+/-		Prob		+/-
1.756250	0.850734	nan	0.027170	nan
1.768750	0.621571	nan	0.039906	nan
1.781250	0.369197	nan	0.060938	nan
1.793750	0.180510	nan	0.083626	nan
1.806250	0.078125	nan	0.099295	nan
1.818750	0.024079	nan	0.108718	nan
1.831250	0.012051	nan	0.110933	nan
1.843750	0.000000	nan	0.113199	nan
1.856250	0.077973	nan	0.099321	nan
1.868750	0.255625	nan	0.073726	nan
1.881250	0.378467	nan	0.059998	nan
1.893750	0.581769	nan	0.042661	nan
1.906250	0.821679	nan	0.028527	nan
1.918750	1.004012	nan	0.021010	nan
1.931250	1.272777	nan	0.013386	nan
1.943750	1.602276	nan	0.007702	nan
1.956250	1.911697	nan	0.004584	nan
1.968750	2.301238	nan	0.002385	nan
1.981250	2.652313	nan	0.001323	nan
1.993750	3.015421	nan	0.000720	nan
2.006250	3.356310	nan	0.000406	nan
2.018750	3.720246	nan	0.000221	nan
2.031250	4.117143	nan	0.000113	nan
2.043750	4.437471	nan	0.000066	nan
2.056250	4.847524	nan	0.000033	nan
2.068750	5.266548	nan	0.000016	nan
2.081250	5.696260	nan	0.000008	nan
2.093750	6.109679	nan	0.000004	nan
2.106250	6.505053	nan	0.000002	nan
2.118750	6.963410	nan	0.000001	nan
2.131250	7.422480	nan	0.000000	nan
2.143750	7.914269	nan	0.000000	nan
2.156250	8.387780	nan	0.000000	nan
2.168750	8.923370	nan	0.000000	nan
2.181250	9.438274	nan	0.000000	nan
2.193750	9.983236	nan	0.000000	nan
2.206250	10.513318	nan	0.000000	nan
2.218750	11.054705	nan	0.000000	nan
2.231250	11.579852	nan	0.000000	nan
2.243750	12.100727	nan	0.000000	nan
2.256250	12.601666	nan	0.000000	nan
2.268750	13.130326	nan	0.000000	nan
2.281250	13.705861	nan	0.000000	nan
2.293750	14.239009	nan	0.000000	nan
2.306250	14.729323	nan	0.000000	nan
2.318750	15.256321	nan	0.000000	nan
2.331250	15.795202	nan	0.000000	nan
2.343750	16.323201	nan	0.000000	nan
2.356250	16.923751	nan	0.000000	nan
2.368750	17.537198	nan	0.000000	nan
2.381250	18.074019	nan	0.000000	nan
2.393750	18.689332	nan	0.000000	nan
2.406250	19.228305	nan	0.000000	nan
2.418750	19.760063	nan	0.000000	nan
2.431250	20.326687	nan	0.000000	nan
2.443750	20.838994	nan	0.000000	nan
2.456250	21.366988	nan	0.000000	nan
2.468750	21.946025	nan	0.000000	nan
2.481250	22.491304	nan	0.000000	nan
2.493750	23.009877	nan	0.000000	nan
2.506250	23.546964	nan	0.000000	nan
2.518750	24.044003	nan	0.000000	nan
2.531250	24.584810	nan	0.000000	nan
2.543750	25.172339	nan	0.000000	nan
2.556250	25.728330	nan	0.000000	nan
2.568750	26.276015	nan	0.000000	nan
2.581250	26.768890	nan	0.000000	nan
2.593750	27.323867	nan	0.000000	nan
2.606250	27.908354	nan	0.000000	nan
2.618750	28.467426	nan	0.000000	nan
2.631250	28.973578	nan	0.000000	nan
2.643750	29.480938	nan	0.000000	nan
2.656250	29.957099	nan	0.000000	nan
2.668750	30.453808	nan	0.000000	nan
2.681250	30.993100	nan	0.000000	nan
2.693750	31.511535	nan	0.000000	nan
2.706250	32.010833	nan	0.000000	nan
2.718750	32.516129	nan	0.000000	nan
2.731250	32.999752	nan	0.000000	nan
2.743750	33.499222	nan	0.000000	nan
2.756250	33.828913	nan	0.000000	nan
2.768750	34.397845	nan	0.000000	nan
2.781250	34.889500	nan	0.000000	nan
2.793750	35.333909	nan	0.000000	nan
2.806250	35.818979	nan	0.000000	nan
2.818750	36.329196	nan	0.000000	nan
2.831250	36.734879	nan	0.000000	nan
2.843750	37.199216	nan	0.000000	nan
2.856250	37.668585	nan	0.000000	nan
2.868750	38.206876	nan	0.000000	nan
2.881250	38.643797	nan	0.000000	nan
2.893750	39.004407	nan	0.000000	nan
2.906250	39.465874	nan	0.000000	nan
2.918750	39.776477	nan	0.000000	nan
2.931250	40.119708	nan	0.000000	nan
2.943750	40.610492	nan	0.000000	nan
2.956250	41.080310	nan	0.000000	nan
2.968750	41.482008	nan	0.000000	nan
2.981250	41.858980	nan	0.000000	nan
2.993750	42.239175	nan	0.000000	nan
3.006250	42.256938	nan	0.000000	nan
3.018750	42.432036	nan	0.000000	nan
3.031250	42.479591	nan	0.000000	nan
3.043750	42.512277	nan	0.000000	nan
3.056250	42.549526	nan	0.000000	nan
3.068750	42.567782	nan	0.000000	nan
3.081250	42.577181	nan	0.000000	nan
3.093750	42.497498	nan	0.000000	nan
3.106250	42.277425	nan	0.000000	nan
3.118750	42.252994	nan	0.000000	nan
3.131250	42.264127	nan	0.000000	nan
3.143750	42.180401	nan	0.000000	nan
3.156250	42.187755	nan	0.000000	nan
3.168750	42.244038	nan	0.000000	nan
3.181250	42.258836	nan	0.000000	nan
3.193750	42.278647	nan	0.000000	nan
3.206250	42.264070	nan	0.000000	nan
3.218750	42.123933	nan	0.000000	nan
3.231250	41.966927	nan	0.000000	nan
3.243750	41.875537	nan	0.000000	nan
3.256250	41.702332	nan	0.000000	nan
3.268750	41.624283	nan	0.000000	nan
3.281250	41.495672	nan	0.000000	nan
3.293750	41.446797	nan	0.000000	nan
3.306250	41.365769	nan	0.000000	nan
3.318750	41.325320	nan	0.000000	nan
3.331250	41.246396	nan	0.000000	nan
3.343750	41.176151	nan	0.000000	nan
3.356250	41.121669	nan	0.000000	nan
3.368750	41.093545	nan	0.000000	nan
3.381250	41.050472	nan	0.000000	nan
3.393750	41.031183	nan	0.000000	nan
3.406250	41.017946	nan	0.000000	nan
3.418750	40.998346	nan	0.000000	nan
3.431250	40.948677	nan	0.000000	nan
3.443750	40.872933	nan	0.000000	nan
3.456250	40.907753	nan	0.000000	nan
3.468750	40.850797	nan	0.000000	nan
3.481250	40.805468	nan	0.000000	nan
3.493750	40.855884	nan	0.000000	nan
3.506250	40.866403	nan	0.000000	nan
3.518750	40.840730	nan	0.000000	nan
3.531250	40.823948	nan	0.000000	nan
3.543750	40.787726	nan	0.000000	nan
3.556250	40.879853	nan	0.000000	nan
3.568750	40.832940	nan	0.000000	nan
3.581250	40.793623	nan	0.000000	nan
3.593750	40.846729	nan	0.000000	nan
3.606250	40.875362	nan	0.000000	nan
3.618750	40.909447	nan	0.000000	nan
3.631250	40.889635	nan	0.000000	nan
3.643750	40.855539	nan	0.000000	nan
3.656250	40.838342	nan	0.000000	nan
3.668750	40.857822	nan	0.000000	nan
3.681250	40.871148	nan	0.000000	nan
3.693750	40.965550	nan	0.000000	nan
3.706250	41.072852	nan	0.000000	nan
3.718750	41.051655	nan	0.000000	nan
3.731250	41.024090	nan	0.000000	nan
3.743750	40.987907	nan	0.000000	nan
3.756250	41.152280	nan	0.000000	nan
3.768750	41.250232	nan	0.000000	nan
3.781250	41.313183	nan	0.000000	nan
3.793750	41.247534	nan	0.000000	nan
3.806250	41.363341	nan	0.000000	nan
3.818750	41.390241	nan	0.000000	nan
3.831250	41.440502	nan	0.000000	nan
3.843750	41.545018	nan	0.000000	nan
3.856250	41.589476	nan	0.000000	nan
3.868750	41.686662	nan	0.000000	nan
3.881250	41.706725	nan	0.000000	nan
3.893750	41.735914	nan	0.000000	nan
3.906250	41.701538	nan	0.000000	nan
3.918750	41.654539	nan	0.000000	nan
3.931250	41.652531	nan	0.000000	nan
3.943750	41.620351	nan	0.000000	nan
3.956250	41.752765	nan	0.000000	nan
3.968750	41.727741	nan	0.000000	nan
3.981250	41.784806	nan	0.000000	nan
3.993750	41.686661	nan	0.000000	nan
4.006250	41.633918	nan	0.000000	nan
4.018750	41.555370	nan	0.000000	nan
4.031250	41.604709	nan	0.000000	nan
4.043750	41.589849	nan	0.000000	nan
4.056250	41.525426	nan	0.000000	nan
4.068750	41.750304	nan	0.000000	nan
4.081250	41.755420	nan	0.000000	nan
4.093750	41.783336	nan	0.000000	nan
4.106250	41.906819	nan	0.000000	nan
4.118750	42.015606	nan	0.000000	nan
4.131250	42.003308	nan	0.000000	nan
4.143750	42.096010	nan	0.000000	nan
4.156250	42.135965	nan	0.000000	nan
4.168750	42.222988	nan	0.000000	nan
4.181250	42.248269	nan	0.000000	nan
4.193750	42.138592	nan	0.000000	nan
4.206250	42.142622	nan	0.000000	nan
4.218750	42.199628	nan	0.000000	nan
4.231250	42.216453	nan	0.000000	nan
4.243750	42.271191	nan	0.000000	nan
4.256250	42.223664	nan	0.000000	nan
4.268750	42.286707	nan	0.000000	nan
4.281250	42.303494	nan	0.000000	nan
4.293750	42.298278	nan	0.000000	nan
4.306250	42.214427	nan	0.000000	nan
4.318750	42.268569	nan	0.000000	nan
4.331250	42.270235	nan	0.000000	nan
4.343750	42.267599	nan	0.000000	nan
4.356250	42.378675	nan	0.000000	nan
4.368750	42.490582	nan	0.000000	nan
4.381250	42.544448	nan	0.000000	nan
4.393750	42.581246	nan	0.000000	nan
4.406250	42.660205	nan	0.000000	nan
4.418750	42.695324	nan	0.000000	nan
4.431250	42.746841	nan	0.000000	nan
4.443750	42.916379	nan	0.000000	nan
4.456250	42.978177	nan	0.000000	nan
4.468750	42.912899	nan	0.000000	nan
4.481250	42.994056	nan	0.000000	nan
4.493750	43.008221	nan	0.000000	nan
4.506250	43.079378	nan	0.000000	nan
4.518750	43.053045	nan	0.000000	nan
4.531250	43.059477	nan	0.000000	nan
4.543750	43.143877	nan	0.000000	nan
4.556250	43.167112	nan	0.000000	nan
4.568750	43.214292	nan	0.000000	nan
4.581250	43.131806	nan	0.000000	nan
4.593750	43.249857	nan	0.000000	nan
4.606250	43.308330	nan	0.000000	nan
4.618750	43.319806	nan	0.000000	nan
4.631250	43.279180	nan	0.000000	nan
4.643750	43.313770	nan	0.000000	nan
4.656250	43.294445	nan	0.000000	nan
4.668750	43.315660	nan	0.000000	nan
4.681250	43.325220	nan	0.000000	nan
4.693750	43.223351	nan	0.000000	nan
4.706250	43.222573	nan	0.000000	nan
4.718750	43.214296	nan	0.000000	nan
4.731250	43.261624	nan	0.000000	nan
4.743750	43.299548	nan	0.000000	nan
4.756250	43.293854	nan	0.000000	nan
4.768750	43.357600	nan	0.000000	nan
4.781250	43.434266	nan	0.000000	nan
4.793750	43.525928	nan	0.000000	nan
4.806250	43.632902	nan	0.000000	nan
4.818750	43.661558	nan	0.000000	nan
4.831250	43.592208	nan	0.000000	nan
4.843750	43.683726	nan	0.000000	nan
4.856250	43.683638	nan	0.000000	nan
4.868750	43.757754	nan	0.000000	nan
4.881250	43.873497	nan	0.000000	nan
4.893750	43.922248	nan	0.000000	nan
4.906250	43.972266	nan	0.000000	nan
4.918750	inf	nan	0.000000	nan
4.931250	inf	nan	0.000000	nan
4.943750	43.889669	nan	0.000000	nan
4.956250	43.662882	nan	0.000000	nan
4.968750	43.987425	nan	0.000000	nan
4.981250	44.176484	nan	0.000000	nan
4.993750	43.942571	nan	0.000000	nan
5.006250	44.001997	nan	0.000000	nan
5.018750	44.419185	nan	0.000000	nan
5.031250	44.864116	nan	0.000000	nan
5.043750	45.259786	nan	0.000000	nan
5.056250	45.848652	nan	0.000000	nan
5.068750	45.757366	nan	0.000000	nan
5.081250	46.025622	nan	0.000000	nan
5.093750	46.560208	nan	0.000000	nan
5.106250	46.269766	nan	0.000000	nan
5.118750	46.774024	nan	0.000000	nan
5.131250	46.963425	nan	0.000000	nan
5.143750	47.201243	nan	0.000000	nan
5.156250	47.441601	nan	0.000000	nan
5.168750	47.913532	nan	0.000000	nan
5.181250	48.156277	nan	0.000000	nan
5.193750	48.691617	nan	0.000000	nan
5.206250	48.599596	nan	0.000000	nan
5.218750	inf	nan	0.000000	nan
5.231250	inf	nan	0.000000	nan
5.243750	inf	nan	0.000000	nan
5.256250	inf	nan	0.000000	nan
5.268750	inf	nan	0.000000	nan
5.281250	48.869320	nan	0.000000	nan
5.293750	48.923828	nan	0.000000	nan
5.306250	49.286912	nan	0.000000	nan
5.318750	49.700434	nan	0.000000	nan
5.331250	49.721529	nan	0.000000	nan
5.343750	49.451003	nan	0.000000	nan
5.356250	49.779610	nan	0.000000	nan
5.368750	50.212023	nan	0.000000	nan
5.381250	50.375496	nan	0.000000	nan
5.393750	50.479530	nan	0.000000	nan
5.406250	50.746810	nan	0.000000	nan
5.418750	50.853951	nan	0.000000	nan
5.431250	50.966406	nan	0.000000	nan
5.443750	51.309309	nan	0.000000	nan
5.456250	51.475127	nan	0.000000	nan
5.468750	51.568877	nan	0.000000	nan
5.481250	51.486266	nan	0.000000	nan
5.493750	51.737558	nan	0.000000	nan
#Window		Free	+/-	
#0	0.000000	nan
#1	2.642250	nan
#2	2.517033	nan
#3	1.291711	nan
#4	1.441065	nan
#5	1.045725	nan
#6	1.702005	nan
#7	1.672903	nan
#8	1.179526	nan
#9	-38.551038	nan
#10	1.122148	nan
#11	-39.334719	nan
#12	-39.402593	nan
#13	-38.911757	nan
#14	-38.007429	nan
#15	-36.733262	nan
#16	-35.296693	nan
#17	-33.750448	nan
#18	-32.048339	nan
#19	-30.139227	nan
#20	-28.049637	nan
#21	-25.940012	nan
#22	-23.819352	nan
#23	-21.625625	nan
#24	-19.353899	nan
#25	-17.173120	nan
#26	-16.155283	nan
#27	-14.001108	nan
#28	-11.831678	nan
#29	-9.674103	nan
#30	-7.601137	nan
#31	-3.692126	nan
#32	-1.806741	nan
#33	1.628667	nan
#34	2.645763	nan
#35	2.377762	nan
#36	2.010728	nan
#37	0.924580	nan
#38	1.368356	nan
#39	1.731490	nan
#40	1.899741	nan
#41	2.232254	nan
#42	2.355133	nan
#43	2.648186	nan
#44	3.061024	nan
#45	3.216369	nan
#46	3.292930	nan
#47	3.502202	nan
#48	5.367929	nan
#49	7.374802	nan
#50	11.538991	nan
